0 info it worked if it ends with ok
1 verbose cli [ 'node', '/usr/local/bin/npm', 'install' ]
2 info using npm@1.4.28
3 info using node@v0.10.32
4 verbose readDependencies using package.json deps
5 verbose install where, deps [ '/Users/user/Documents/devAccelerator/testingWithTravis',
5 verbose install   [ 'chai',
5 verbose install     'grunt',
5 verbose install     'grunt-jscs',
5 verbose install     'grunt-contrib-jshint',
5 verbose install     'grunt-cli',
5 verbose install     'grunt-simple-mocha' ] ]
6 info preinstall testingWithTravis@1.0.0
7 verbose readDependencies using package.json deps
8 verbose already installed skipping chai@^1.10.0 /Users/user/Documents/devAccelerator/testingWithTravis
9 verbose already installed skipping grunt@^0.4.5 /Users/user/Documents/devAccelerator/testingWithTravis
10 verbose cache add [ 'grunt-jscs@^0.1.8', null ]
11 verbose cache add name=undefined spec="grunt-jscs@^0.1.8" args=["grunt-jscs@^0.1.8",null]
12 verbose parsed url { protocol: null,
12 verbose parsed url   slashes: null,
12 verbose parsed url   auth: null,
12 verbose parsed url   host: null,
12 verbose parsed url   port: null,
12 verbose parsed url   hostname: null,
12 verbose parsed url   hash: null,
12 verbose parsed url   search: null,
12 verbose parsed url   query: null,
12 verbose parsed url   pathname: 'grunt-jscs@^0.1.8',
12 verbose parsed url   path: 'grunt-jscs@^0.1.8',
12 verbose parsed url   href: 'grunt-jscs@^0.1.8' }
13 verbose already installed skipping grunt-contrib-jshint@^0.10.0 /Users/user/Documents/devAccelerator/testingWithTravis
14 verbose already installed skipping grunt-cli@^0.1.13 /Users/user/Documents/devAccelerator/testingWithTravis
15 verbose already installed skipping grunt-simple-mocha@^0.4.0 /Users/user/Documents/devAccelerator/testingWithTravis
16 verbose cache add name="grunt-jscs" spec="^0.1.8" args=["grunt-jscs","^0.1.8"]
17 verbose parsed url { protocol: null,
17 verbose parsed url   slashes: null,
17 verbose parsed url   auth: null,
17 verbose parsed url   host: null,
17 verbose parsed url   port: null,
17 verbose parsed url   hostname: null,
17 verbose parsed url   hash: null,
17 verbose parsed url   search: null,
17 verbose parsed url   query: null,
17 verbose parsed url   pathname: '^0.1.8',
17 verbose parsed url   path: '^0.1.8',
17 verbose parsed url   href: '^0.1.8' }
18 verbose addNamed [ 'grunt-jscs', '^0.1.8' ]
19 verbose addNamed [ null, '>=0.1.8-0 <0.2.0-0' ]
20 silly lockFile ade17c4f-grunt-jscs-0-1-8 grunt-jscs@^0.1.8
21 verbose lock grunt-jscs@^0.1.8 /Users/user/.npm/ade17c4f-grunt-jscs-0-1-8.lock
22 silly addNameRange { name: 'grunt-jscs',
22 silly addNameRange   range: '>=0.1.8-0 <0.2.0-0',
22 silly addNameRange   hasData: false }
23 verbose request where is /grunt-jscs
24 verbose request registry https://registry.npmjs.org/
25 verbose request id b516e6b5a1fd7680
26 verbose url raw /grunt-jscs
27 verbose url resolving [ 'https://registry.npmjs.org/', './grunt-jscs' ]
28 verbose url resolved https://registry.npmjs.org/grunt-jscs
29 verbose request where is https://registry.npmjs.org/grunt-jscs
30 info trying registry request attempt 1 at 16:17:08
31 verbose etag "2BVL06RDBMA0LTLD9HRBGLTQ0"
32 http GET https://registry.npmjs.org/grunt-jscs
33 http 304 https://registry.npmjs.org/grunt-jscs
34 silly registry.get cb [ 304,
34 silly registry.get   { date: 'Wed, 12 Nov 2014 00:17:09 GMT',
34 silly registry.get     server: 'Apache',
34 silly registry.get     via: '1.1 varnish',
34 silly registry.get     'last-modified': 'Wed, 12 Nov 2014 00:17:09 GMT',
34 silly registry.get     'cache-control': 'max-age=60',
34 silly registry.get     etag: '"2BVL06RDBMA0LTLD9HRBGLTQ0"',
34 silly registry.get     age: '0',
34 silly registry.get     'x-served-by': 'cache-lax1431-LAX',
34 silly registry.get     'x-cache': 'HIT',
34 silly registry.get     'x-cache-hits': '1',
34 silly registry.get     'x-timer': 'S1415751429.100331,VS0,VE178',
34 silly registry.get     vary: 'Accept',
34 silly registry.get     'content-length': '0',
34 silly registry.get     'keep-alive': 'timeout=10, max=50',
34 silly registry.get     connection: 'Keep-Alive' } ]
35 verbose etag https://registry.npmjs.org/grunt-jscs from cache
36 silly addNameRange number 2 { name: 'grunt-jscs',
36 silly addNameRange   range: '>=0.1.8-0 <0.2.0-0',
36 silly addNameRange   hasData: true }
37 silly addNameRange versions [ 'grunt-jscs',
37 silly addNameRange   [ '0.6.0', '0.6.1', '0.6.2', '0.7.0', '0.7.1', '0.8.0', '0.8.1' ] ]
38 silly lockFile ade17c4f-grunt-jscs-0-1-8 grunt-jscs@^0.1.8
39 silly lockFile ade17c4f-grunt-jscs-0-1-8 grunt-jscs@^0.1.8
40 error notarget No compatible version found: grunt-jscs@'>=0.1.8-0 <0.2.0-0'
40 error notarget Valid install targets:
40 error notarget ["0.6.0","0.6.1","0.6.2","0.7.0","0.7.1","0.8.0","0.8.1"]
40 error notarget
40 error notarget This is most likely not a problem with npm itself.
40 error notarget In most cases you or one of your dependencies are requesting
40 error notarget a package version that doesn't exist.
41 error System Darwin 13.4.0
42 error command "node" "/usr/local/bin/npm" "install"
43 error cwd /Users/user/Documents/devAccelerator/testingWithTravis
44 error node -v v0.10.32
45 error npm -v 1.4.28
46 error code ETARGET
47 verbose exit [ 1, true ]
